ERROR - 2023-09-26 15:11:06 --> Error connecting to the database: mysqli_sql_exception: Unknown database 'music' in C:\laragon\www\AbasLab2\system\Database\MySQLi\Connection.php:185
Stack trace:
#0 C:\laragon\www\AbasLab2\system\Database\MySQLi\Connection.php(185): mysqli->real_connect('localhost', 'root', '', 'music', 3306, '', 0)
#1 C:\laragon\www\AbasLab2\system\Database\BaseConnection.php(391): CodeIgniter\Database\MySQLi\Connection->connect(false)
#2 C:\laragon\www\AbasLab2\system\Database\BaseConnection.php(574): CodeIgniter\Database\BaseConnection->initialize()
#3 C:\laragon\www\AbasLab2\system\Database\BaseBuilder.php(1615): CodeIgniter\Database\BaseConnection->query('SELECT *\nFROM `...', Array, false)
#4 C:\laragon\www\AbasLab2\system\Model.php(237): CodeIgniter\Database\BaseBuilder->get()
#5 C:\laragon\www\AbasLab2\system\BaseModel.php(624): CodeIgniter\Model->doFindAll(0, 0)
#6 C:\laragon\www\AbasLab2\app\Controllers\MusicController.php(14): CodeIgniter\BaseModel->findAll()
#7 C:\laragon\www\AbasLab2\system\CodeIgniter.php(919): App\Controllers\MusicController->index()
#8 C:\laragon\www\AbasLab2\system\CodeIgniter.php(494): CodeIgniter\CodeIgniter->runController(Object(App\Controllers\MusicController))
#9 C:\laragon\www\AbasLab2\system\CodeIgniter.php(353): CodeIgniter\CodeIgniter->handleRequest(NULL, Object(Config\Cache), false)
#10 C:\laragon\www\AbasLab2\public\index.php(79): CodeIgniter\CodeIgniter->run()
#11 C:\laragon\www\AbasLab2\system\Commands\Server\rewrite.php(47): require_once('C:\\laragon\\www\\...')
#12 {main}

Next CodeIgniter\Database\Exceptions\DatabaseException: Unknown database 'music' in C:\laragon\www\AbasLab2\system\Database\MySQLi\Connection.php:229
Stack trace:
#0 C:\laragon\www\AbasLab2\system\Database\BaseConnection.php(391): CodeIgniter\Database\MySQLi\Connection->connect(false)
#1 C:\laragon\www\AbasLab2\system\Database\BaseConnection.php(574): CodeIgniter\Database\BaseConnection->initialize()
#2 C:\laragon\www\AbasLab2\system\Database\BaseBuilder.php(1615): CodeIgniter\Database\BaseConnection->query('SELECT *\nFROM `...', Array, false)
#3 C:\laragon\www\AbasLab2\system\Model.php(237): CodeIgniter\Database\BaseBuilder->get()
#4 C:\laragon\www\AbasLab2\system\BaseModel.php(624): CodeIgniter\Model->doFindAll(0, 0)
#5 C:\laragon\www\AbasLab2\app\Controllers\MusicController.php(14): CodeIgniter\BaseModel->findAll()
#6 C:\laragon\www\AbasLab2\system\CodeIgniter.php(919): App\Controllers\MusicController->index()
#7 C:\laragon\www\AbasLab2\system\CodeIgniter.php(494): CodeIgniter\CodeIgniter->runController(Object(App\Controllers\MusicController))
#8 C:\laragon\www\AbasLab2\system\CodeIgniter.php(353): CodeIgniter\CodeIgniter->handleRequest(NULL, Object(Config\Cache), false)
#9 C:\laragon\www\AbasLab2\public\index.php(79): CodeIgniter\CodeIgniter->run()
#10 C:\laragon\www\AbasLab2\system\Commands\Server\rewrite.php(47): require_once('C:\\laragon\\www\\...')
#11 {main}
CRITICAL - 2023-09-26 15:11:06 --> Unable to connect to the database.
Main connection [MySQLi]: Unknown database 'music'
in SYSTEMPATH\Database\BaseConnection.php on line 427.
 1 SYSTEMPATH\Database\BaseConnection.php(574): CodeIgniter\Database\BaseConnection->initialize()
 2 SYSTEMPATH\Database\BaseBuilder.php(1615): CodeIgniter\Database\BaseConnection->query('SELECT *
FROM `music_player`', [], false)
 3 SYSTEMPATH\Model.php(237): CodeIgniter\Database\BaseBuilder->get()
 4 SYSTEMPATH\BaseModel.php(624): CodeIgniter\Model->doFindAll(0, 0)
 5 APPPATH\Controllers\MusicController.php(14): CodeIgniter\BaseModel->findAll()
 6 SYSTEMPATH\CodeIgniter.php(919): App\Controllers\MusicController->index()
 7 SYSTEMPATH\CodeIgniter.php(494): CodeIgniter\CodeIgniter->runController(Object(App\Controllers\MusicController))
 8 SYSTEMPATH\CodeIgniter.php(353): CodeIgniter\CodeIgniter->handleRequest(null, Object(Config\Cache), false)
 9 FCPATH\index.php(79): CodeIgniter\CodeIgniter->run()
10 SYSTEMPATH\Commands\Server\rewrite.php(47): require_once('C:\\laragon\\www\\AbasLab2\\public\\index.php')
ERROR - 2023-09-26 15:11:18 --> Error connecting to the database: mysqli_sql_exception: Unknown database 'music' in C:\laragon\www\AbasLab2\system\Database\MySQLi\Connection.php:185
Stack trace:
#0 C:\laragon\www\AbasLab2\system\Database\MySQLi\Connection.php(185): mysqli->real_connect('localhost', 'root', '', 'music', 3306, '', 0)
#1 C:\laragon\www\AbasLab2\system\Database\BaseConnection.php(391): CodeIgniter\Database\MySQLi\Connection->connect(false)
#2 C:\laragon\www\AbasLab2\system\Database\BaseConnection.php(574): CodeIgniter\Database\BaseConnection->initialize()
#3 C:\laragon\www\AbasLab2\system\Database\BaseBuilder.php(1615): CodeIgniter\Database\BaseConnection->query('SELECT *\nFROM `...', Array, false)
#4 C:\laragon\www\AbasLab2\system\Model.php(237): CodeIgniter\Database\BaseBuilder->get()
#5 C:\laragon\www\AbasLab2\system\BaseModel.php(624): CodeIgniter\Model->doFindAll(0, 0)
#6 C:\laragon\www\AbasLab2\app\Controllers\MusicController.php(14): CodeIgniter\BaseModel->findAll()
#7 C:\laragon\www\AbasLab2\system\CodeIgniter.php(919): App\Controllers\MusicController->index()
#8 C:\laragon\www\AbasLab2\system\CodeIgniter.php(494): CodeIgniter\CodeIgniter->runController(Object(App\Controllers\MusicController))
#9 C:\laragon\www\AbasLab2\system\CodeIgniter.php(353): CodeIgniter\CodeIgniter->handleRequest(NULL, Object(Config\Cache), false)
#10 C:\laragon\www\AbasLab2\public\index.php(79): CodeIgniter\CodeIgniter->run()
#11 C:\laragon\www\AbasLab2\system\Commands\Server\rewrite.php(47): require_once('C:\\laragon\\www\\...')
#12 {main}

Next CodeIgniter\Database\Exceptions\DatabaseException: Unknown database 'music' in C:\laragon\www\AbasLab2\system\Database\MySQLi\Connection.php:229
Stack trace:
#0 C:\laragon\www\AbasLab2\system\Database\BaseConnection.php(391): CodeIgniter\Database\MySQLi\Connection->connect(false)
#1 C:\laragon\www\AbasLab2\system\Database\BaseConnection.php(574): CodeIgniter\Database\BaseConnection->initialize()
#2 C:\laragon\www\AbasLab2\system\Database\BaseBuilder.php(1615): CodeIgniter\Database\BaseConnection->query('SELECT *\nFROM `...', Array, false)
#3 C:\laragon\www\AbasLab2\system\Model.php(237): CodeIgniter\Database\BaseBuilder->get()
#4 C:\laragon\www\AbasLab2\system\BaseModel.php(624): CodeIgniter\Model->doFindAll(0, 0)
#5 C:\laragon\www\AbasLab2\app\Controllers\MusicController.php(14): CodeIgniter\BaseModel->findAll()
#6 C:\laragon\www\AbasLab2\system\CodeIgniter.php(919): App\Controllers\MusicController->index()
#7 C:\laragon\www\AbasLab2\system\CodeIgniter.php(494): CodeIgniter\CodeIgniter->runController(Object(App\Controllers\MusicController))
#8 C:\laragon\www\AbasLab2\system\CodeIgniter.php(353): CodeIgniter\CodeIgniter->handleRequest(NULL, Object(Config\Cache), false)
#9 C:\laragon\www\AbasLab2\public\index.php(79): CodeIgniter\CodeIgniter->run()
#10 C:\laragon\www\AbasLab2\system\Commands\Server\rewrite.php(47): require_once('C:\\laragon\\www\\...')
#11 {main}
CRITICAL - 2023-09-26 15:11:18 --> Unable to connect to the database.
Main connection [MySQLi]: Unknown database 'music'
in SYSTEMPATH\Database\BaseConnection.php on line 427.
 1 SYSTEMPATH\Database\BaseConnection.php(574): CodeIgniter\Database\BaseConnection->initialize()
 2 SYSTEMPATH\Database\BaseBuilder.php(1615): CodeIgniter\Database\BaseConnection->query('SELECT *
FROM `music_player`', [], false)
 3 SYSTEMPATH\Model.php(237): CodeIgniter\Database\BaseBuilder->get()
 4 SYSTEMPATH\BaseModel.php(624): CodeIgniter\Model->doFindAll(0, 0)
 5 APPPATH\Controllers\MusicController.php(14): CodeIgniter\BaseModel->findAll()
 6 SYSTEMPATH\CodeIgniter.php(919): App\Controllers\MusicController->index()
 7 SYSTEMPATH\CodeIgniter.php(494): CodeIgniter\CodeIgniter->runController(Object(App\Controllers\MusicController))
 8 SYSTEMPATH\CodeIgniter.php(353): CodeIgniter\CodeIgniter->handleRequest(null, Object(Config\Cache), false)
 9 FCPATH\index.php(79): CodeIgniter\CodeIgniter->run()
10 SYSTEMPATH\Commands\Server\rewrite.php(47): require_once('C:\\laragon\\www\\AbasLab2\\public\\index.php')
